2025-03-24T19:18:47.202+03:00  INFO 63436 --- [main] ru.hse.MainKt                            : Starting MainKt using Java 17.0.11 with PID 63436 (C:\Users\wifid\IdeaProjects\TodoList\build\classes\kotlin\main started by wifid in C:\Users\wifid\IdeaProjects\TodoList)
2025-03-24T19:18:47.204+03:00 DEBUG 63436 --- [main] ru.hse.MainKt                            : Running with Spring Boot v3.4.4, Spring v6.2.5
2025-03-24T19:18:47.205+03:00  INFO 63436 --- [main] ru.hse.MainKt                            : No active profile set, falling back to 1 default profile: "default"
2025-03-24T19:18:47.941+03:00  INFO 63436 --- [main] .s.d.r.c.RepositoryConfigurationDelegate : Bootstrapping Spring Data JPA repositories in DEFAULT mode.
2025-03-24T19:18:47.999+03:00  INFO 63436 --- [main] .s.d.r.c.RepositoryConfigurationDelegate : Finished Spring Data repository scanning in 49 ms. Found 2 JPA repository interfaces.
2025-03-24T19:18:48.459+03:00  INFO 63436 --- [main] o.s.b.w.embedded.tomcat.TomcatWebServer  : Tomcat initialized with port 8080 (http)
2025-03-24T19:18:48.470+03:00  INFO 63436 --- [main] o.apache.catalina.core.StandardService   : Starting service [Tomcat]
2025-03-24T19:18:48.471+03:00  INFO 63436 --- [main] o.apache.catalina.core.StandardEngine    : Starting Servlet engine: [Apache Tomcat/10.1.39]
2025-03-24T19:18:48.528+03:00  INFO 63436 --- [main] o.a.c.c.C.[Tomcat].[localhost].[/]       : Initializing Spring embedded WebApplicationContext
2025-03-24T19:18:48.529+03:00  INFO 63436 --- [main] w.s.c.ServletWebServerApplicationContext : Root WebApplicationContext: initialization completed in 1281 ms
2025-03-24T19:18:48.735+03:00  INFO 63436 --- [main] com.zaxxer.hikari.HikariDataSource       : HikariPool-1 - Starting...
2025-03-24T19:18:48.910+03:00  INFO 63436 --- [main] com.zaxxer.hikari.pool.HikariPool        : HikariPool-1 - Added connection org.postgresql.jdbc.PgConnection@69b3886f
2025-03-24T19:18:48.913+03:00  INFO 63436 --- [main] com.zaxxer.hikari.HikariDataSource       : HikariPool-1 - Start completed.
2025-03-24T19:18:48.943+03:00  INFO 63436 --- [main] org.flywaydb.core.FlywayExecutor         : Database: jdbc:postgresql://localhost:5432/todo1 (PostgreSQL 16.3)
2025-03-24T19:18:48.994+03:00  INFO 63436 --- [main] o.f.core.internal.command.DbValidate     : Successfully validated 2 migrations (execution time 00:00.029s)
2025-03-24T19:18:49.060+03:00  INFO 63436 --- [main] o.f.core.internal.command.DbMigrate      : Current version of schema "public": 2
2025-03-24T19:18:49.063+03:00  INFO 63436 --- [main] o.f.core.internal.command.DbMigrate      : Schema "public" is up to date. No migration necessary.
2025-03-24T19:18:49.143+03:00  INFO 63436 --- [main] o.hibernate.jpa.internal.util.LogHelper  : HHH000204: Processing PersistenceUnitInfo [name: default]
2025-03-24T19:18:49.200+03:00  INFO 63436 --- [main] org.hibernate.Version                    : HHH000412: Hibernate ORM core version 6.6.8.Final
2025-03-24T19:18:49.237+03:00  INFO 63436 --- [main] o.h.c.internal.RegionFactoryInitiator    : HHH000026: Second-level cache disabled
2025-03-24T19:18:49.520+03:00  INFO 63436 --- [main] o.s.o.j.p.SpringPersistenceUnitInfo      : No LoadTimeWeaver setup: ignoring JPA class transformer
2025-03-24T19:18:49.613+03:00  INFO 63436 --- [main] org.hibernate.orm.connections.pooling    : HHH10001005: Database info:
	Database JDBC URL [Connecting through datasource 'HikariDataSource (HikariPool-1)']
	Database driver: undefined/unknown
	Database version: 16.3
	Autocommit mode: undefined/unknown
	Isolation level: undefined/unknown
	Minimum pool size: undefined/unknown
	Maximum pool size: undefined/unknown
2025-03-24T19:18:50.424+03:00  INFO 63436 --- [main] o.h.e.t.j.p.i.JtaPlatformInitiator       : HHH000489: No JTA platform available (set 'hibernate.transaction.jta.platform' to enable JTA platform integration)
2025-03-24T19:18:50.462+03:00  INFO 63436 --- [main] j.LocalContainerEntityManagerFactoryBean : Initialized JPA EntityManagerFactory for persistence unit 'default'
2025-03-24T19:18:50.949+03:00 DEBUG 63436 --- [main] ru.hse.config.JwtAuthenticationFilter    : Filter 'jwtAuthenticationFilter' configured for use
2025-03-24T19:18:51.001+03:00  INFO 63436 --- [main] eAuthenticationProviderManagerConfigurer : Global AuthenticationManager configured with AuthenticationProvider bean with name authenticationProvider
2025-03-24T19:18:51.001+03:00  WARN 63436 --- [main] r$InitializeUserDetailsManagerConfigurer : Global AuthenticationManager configured with an AuthenticationProvider bean. UserDetailsService beans will not be used by Spring Security for automatically configuring username/password login. Consider removing the AuthenticationProvider bean. Alternatively, consider using the UserDetailsService in a manually instantiated DaoAuthenticationProvider. If the current configuration is intentional, to turn off this warning, increase the logging level of 'org.springframework.security.config.annotation.authentication.configuration.InitializeUserDetailsBeanManagerConfigurer' to ERROR
2025-03-24T19:18:51.068+03:00  WARN 63436 --- [main] JpaBaseConfiguration$JpaWebConfiguration : spring.jpa.open-in-view is enabled by default. Therefore, database queries may be performed during view rendering. Explicitly configure spring.jpa.open-in-view to disable this warning
2025-03-24T19:18:51.500+03:00  INFO 63436 --- [main] o.s.b.w.embedded.tomcat.TomcatWebServer  : Tomcat started on port 8080 (http) with context path '/'
2025-03-24T19:18:51.508+03:00  INFO 63436 --- [main] ru.hse.MainKt                            : Started MainKt in 4.744 seconds (process running for 5.251)
2025-03-24T19:19:07.181+03:00  INFO 63436 --- [http-nio-8080-exec-1] o.a.c.c.C.[Tomcat].[localhost].[/]       : Initializing Spring DispatcherServlet 'dispatcherServlet'
2025-03-24T19:19:07.181+03:00  INFO 63436 --- [http-nio-8080-exec-1] o.s.web.servlet.DispatcherServlet        : Initializing Servlet 'dispatcherServlet'
2025-03-24T19:19:07.183+03:00  INFO 63436 --- [http-nio-8080-exec-1] o.s.web.servlet.DispatcherServlet        : Completed initialization in 2 ms
2025-03-24T19:19:07.546+03:00  INFO 63436 --- [http-nio-8080-exec-1] ru.hse.auth.AuthService                  : Registering user: test2@example.com
2025-03-24T19:20:02.296+03:00  INFO 63436 --- [http-nio-8080-exec-2] ru.hse.auth.AuthService                  : Authenticating user: test2@example.com
2025-03-24T19:20:23.524+03:00  INFO 63436 --- [http-nio-8080-exec-3] ru.hse.task.TaskService                  : Creating task for user: test2@example.com with title: Сделать домашку
2025-03-24T19:20:38.370+03:00  INFO 63436 --- [http-nio-8080-exec-4] ru.hse.task.TaskService                  : Fetching tasks for user: test2@example.com
2025-03-24T19:20:52.525+03:00  INFO 63436 --- [http-nio-8080-exec-5] ru.hse.task.TaskService                  : Updating task 1 for user: test2@example.com
2025-03-24T19:21:03.238+03:00  INFO 63436 --- [http-nio-8080-exec-6] ru.hse.task.TaskService                  : Deleting task 1 for user: test2@example.com
2025-03-24T19:21:16.425+03:00  INFO 63436 --- [SpringApplicationShutdownHook] o.s.b.w.e.tomcat.GracefulShutdown        : Commencing graceful shutdown. Waiting for active requests to complete
2025-03-24T19:21:16.538+03:00  INFO 63436 --- [tomcat-shutdown] o.s.b.w.e.tomcat.GracefulShutdown        : Graceful shutdown complete
2025-03-24T19:21:16.542+03:00  INFO 63436 --- [SpringApplicationShutdownHook] j.LocalContainerEntityManagerFactoryBean : Closing JPA EntityManagerFactory for persistence unit 'default'
2025-03-24T19:21:16.544+03:00  INFO 63436 --- [SpringApplicationShutdownHook] com.zaxxer.hikari.HikariDataSource       : HikariPool-1 - Shutdown initiated...
2025-03-24T19:21:16.546+03:00  INFO 63436 --- [SpringApplicationShutdownHook] com.zaxxer.hikari.HikariDataSource       : HikariPool-1 - Shutdown completed.
